/*******************************************************************************************************
* DateTime: 2015/9/7 12:02:10		IP: 180.174.147.31()		Brower: Unknown  Chrome42
* Url : http://yuqian.nn.cagoe.com/Itf/CSharp/Interface.aspx?method=GetWorkListOrderDateDesc&CurPage=1&PageSize=1
函数SqlToJson在转换CurPage或PageSize到int的时候报错！错误明细：Input string was not in a correct format.
*******************************************************************************************************/

/*******************************************************************************************************
* DateTime: 2015/9/7 15:45:14		IP: 180.174.147.31()		Brower: Unknown  Chrome42
* Url : http://yuqian.nn.cagoe.com/Itf/CSharp/Interface.aspx?method=GetWorkListOrderDateDesc&CurPage=1&PageSize=1
函数SqlToJson在转换CurPage或PageSize到int的时候报错！错误明细：Input string was not in a correct format.
*******************************************************************************************************/

/*******************************************************************************************************
* DateTime: 2015/9/7 15:45:17		IP: 180.174.147.31()		Brower: Unknown  Chrome42
* Url : http://yuqian.nn.cagoe.com/Itf/CSharp/Interface.aspx?method=GetWorkListOrderDateDesc&CurPage=1&PageSize=1
函数SqlToJson在转换CurPage或PageSize到int的时候报错！错误明细：Input string was not in a correct format.
*******************************************************************************************************/

/*******************************************************************************************************
* DateTime: 2015/9/7 15:45:19		IP: 180.174.147.31()		Brower: Unknown  Chrome42
* Url : http://yuqian.nn.cagoe.com/Itf/CSharp/Interface.aspx?method=GetWorkListOrderDateDesc&CurPage=1&PageSize=1
函数SqlToJson在转换CurPage或PageSize到int的时候报错！错误明细：Input string was not in a correct format.
*******************************************************************************************************/

/*******************************************************************************************************
* DateTime: 2015/9/7 15:45:21		IP: 180.174.147.31()		Brower: Unknown  Chrome42
* Url : http://yuqian.nn.cagoe.com/Itf/CSharp/Interface.aspx?method=GetWorkListOrderDateDesc&CurPage=1&PageSize=1
函数SqlToJson在转换CurPage或PageSize到int的时候报错！错误明细：Input string was not in a correct format.
*******************************************************************************************************/

/*******************************************************************************************************
* DateTime: 2015/9/7 15:45:23		IP: 180.174.147.31()		Brower: Unknown  Chrome42
* Url : http://yuqian.nn.cagoe.com/Itf/CSharp/Interface.aspx?method=GetWorkListOrderDateDesc&CurPage=1&PageSize=1
函数SqlToJson在转换CurPage或PageSize到int的时候报错！错误明细：Input string was not in a correct format.
*******************************************************************************************************/

/*******************************************************************************************************
* DateTime: 2015/9/7 18:32:55		IP: 180.174.147.31()		Brower: Unknown  Chrome42
* Url : http://yuqian.nn.cagoe.com/Itf/CSharp/Interface.aspx?method=GetWorkListOrderDateDesc&CurPage=1&PageSize=1
函数SqlToJson在转换CurPage或PageSize到int的时候报错！错误明细：Input string was not in a correct format.
*******************************************************************************************************/

/*******************************************************************************************************
* DateTime: 2015/9/7 18:33:01		IP: 180.174.147.31()		Brower: Unknown  Chrome42
* Url : http://yuqian.nn.cagoe.com/Itf/CSharp/Interface.aspx?method=GetWorkListOrderDateDesc&CurPage=1&PageSize=1
函数SqlToJson在转换CurPage或PageSize到int的时候报错！错误明细：Input string was not in a correct format.
*******************************************************************************************************/

/*******************************************************************************************************
* DateTime: 2015/9/7 18:34:14		IP: 180.174.147.31()		Brower: Unknown  Chrome42
* Url : http://yuqian.nn.cagoe.com/Itf/CSharp/Interface.aspx?method=GetWorkListOrderDateDesc&CurPage=1&PageSize=1
函数SqlToJson在转换CurPage或PageSize到int的时候报错！错误明细：Input string was not in a correct format.
*******************************************************************************************************/

/*******************************************************************************************************
* DateTime: 2015/9/7 18:34:18		IP: 180.174.147.31()		Brower: Unknown  Chrome42
* Url : http://yuqian.nn.cagoe.com/Itf/CSharp/Interface.aspx?method=GetWorkListOrderDateDesc&CurPage=1&PageSize=1
函数SqlToJson在转换CurPage或PageSize到int的时候报错！错误明细：Input string was not in a correct format.
*******************************************************************************************************/

/*******************************************************************************************************
* DateTime: 2015/9/7 18:35:24		IP: 180.174.147.31()		Brower: Unknown  Chrome42
* Url : http://yuqian.nn.cagoe.com/Itf/CSharp/Interface.aspx?method=GetWorkListOrderDateDesc&CurPage=1&PageSize=1
函数SqlToJson在转换CurPage或PageSize到int的时候报错！错误明细：Input string was not in a correct format.
*******************************************************************************************************/

/*******************************************************************************************************
* DateTime: 2015/9/7 18:35:27		IP: 180.174.147.31()		Brower: Unknown  Chrome42
* Url : http://yuqian.nn.cagoe.com/Itf/CSharp/Interface.aspx?method=GetWorkListOrderDateDesc&CurPage=1&PageSize=1
函数SqlToJson在转换CurPage或PageSize到int的时候报错！错误明细：Input string was not in a correct format.
*******************************************************************************************************/

/*******************************************************************************************************
* DateTime: 2015/9/7 18:36:06		IP: 180.174.147.31()		Brower: Unknown  Chrome42
* Url : http://yuqian.nn.cagoe.com/Itf/CSharp/Interface.aspx?method=GetWorkListOrderDateDesc&CurPage=1&PageSize=1
函数SqlToJson在转换CurPage或PageSize到int的时候报错！错误明细：Input string was not in a correct format.
*******************************************************************************************************/

/*******************************************************************************************************
* DateTime: 2015/9/7 18:36:12		IP: 180.174.147.31()		Brower: Unknown  Chrome42
* Url : http://yuqian.nn.cagoe.com/Itf/CSharp/Interface.aspx?method=GetWorkListOrderDateDesc&CurPage=1&PageSize=1
函数SqlToJson在转换CurPage或PageSize到int的时候报错！错误明细：Input string was not in a correct format.
*******************************************************************************************************/

/*******************************************************************************************************
* DateTime: 2015/9/7 18:37:03		IP: 180.174.147.31()		Brower: Unknown  Chrome42
* Url : http://yuqian.nn.cagoe.com/Itf/CSharp/Interface.aspx?method=GetWorkListOrderDateDesc&CurPage=1&PageSize=1
函数SqlToJson在转换CurPage或PageSize到int的时候报错！错误明细：Input string was not in a correct format.
*******************************************************************************************************/

/*******************************************************************************************************
* DateTime: 2015/9/7 18:37:19		IP: 180.174.147.31()		Brower: Unknown  Chrome42
* Url : http://yuqian.nn.cagoe.com/Itf/CSharp/Interface.aspx?method=GetWorkListOrderDateDesc&CurPage=1&PageSize=1
函数SqlToJson在转换CurPage或PageSize到int的时候报错！错误明细：Input string was not in a correct format.
*******************************************************************************************************/

/*******************************************************************************************************
/*******************************************************************************************************
* DateTime: 2015/9/7 19:46:07		IP: 180.174.147.31()		Brower: Unknown  Chrome42
* DateTime: 2015/9/7 19:46:07		IP: 180.174.147.31()		Brower: Unknown  Chrome42
* Url : http://yuqian.nn.cagoe.com/Itf/CSharp/Interface.aspx?method=GetWorkListOrderDateDescByFollow&CurPage=1&PageSize=1
* Url : http://yuqian.nn.cagoe.com/Itf/CSharp/Interface.aspx?method=GetWorkListOrderDateDesc&CurPage=1&PageSize=1
函数SqlToJson在转换CurPage或PageSize到int的时候报错！错误明细：Input string was not in a correct format.
函数SqlToJson在转换CurPage或PageSize到int的时候报错！错误明细：Input string was not in a correct format.
*******************************************************************************************************/
*******************************************************************************************************/


/*******************************************************************************************************
* DateTime: 2015/9/7 19:47:17		IP: 180.174.147.31()		Brower: Unknown  Chrome42
* Url : http://yuqian.nn.cagoe.com/Itf/CSharp/Interface.aspx?method=GetWorkListOrderDateDesc&CurPage=1&PageSize=1
函数SqlToJson在转换CurPage或PageSize到int的时候报错！错误明细：Input string was not in a correct format.
*******************************************************************************************************/

/*******************************************************************************************************
* DateTime: 2015/9/7 19:47:28		IP: 180.174.147.31()		Brower: Unknown  Chrome42
* Url : http://yuqian.nn.cagoe.com/Itf/CSharp/Interface.aspx?method=GetWorkListOrderDateDesc&CurPage=1&PageSize=1
函数SqlToJson在转换CurPage或PageSize到int的时候报错！错误明细：Input string was not in a correct format.
*******************************************************************************************************/

/*******************************************************************************************************
* DateTime: 2015/9/7 19:52:34		IP: 180.174.147.31()		Brower: Unknown  Chrome42
* Url : http://yuqian.nn.cagoe.com/Itf/CSharp/Interface.aspx?method=GetWorkListOrderDateDesc&CurPage=1&PageSize=1
函数SqlToJson在转换CurPage或PageSize到int的时候报错！错误明细：Input string was not in a correct format.
*******************************************************************************************************/

/*******************************************************************************************************
* DateTime: 2015/9/7 19:52:37		IP: 180.174.147.31()		Brower: Unknown  Chrome42
* Url : http://yuqian.nn.cagoe.com/Itf/CSharp/Interface.aspx?method=GetWorkListOrderDateDesc&CurPage=1&PageSize=1
函数SqlToJson在转换CurPage或PageSize到int的时候报错！错误明细：Input string was not in a correct format.
*******************************************************************************************************/

/*******************************************************************************************************
* DateTime: 2015/9/7 19:53:51		IP: 180.174.147.31()		Brower: Unknown  Chrome42
* Url : http://yuqian.nn.cagoe.com/Itf/CSharp/Interface.aspx?method=GetWorkListOrderDateDesc&CurPage=1&PageSize=1
函数SqlToJson在转换CurPage或PageSize到int的时候报错！错误明细：Input string was not in a correct format.
*******************************************************************************************************/

/*******************************************************************************************************
* DateTime: 2015/9/7 19:53:51		IP: 180.174.147.31()		Brower: Unknown  Chrome42
* Url : http://yuqian.nn.cagoe.com/Itf/CSharp/Interface.aspx?method=GetWorkListOrderDateDescByFollow&CurPage=1&PageSize=1
函数SqlToJson在转换CurPage或PageSize到int的时候报错！错误明细：Input string was not in a correct format.
*******************************************************************************************************/

/*******************************************************************************************************
* DateTime: 2015/9/7 20:48:12		IP: 180.174.147.31()		Brower: Unknown  Chrome42
* Url : http://yuqian.nn.cagoe.com/Itf/CSharp/Interface.aspx?method=GetWorkListOrderDateDesc&CurPage=2&PageSize=1
函数SqlToJson在转换CurPage或PageSize到int的时候报错！错误明细：Input string was not in a correct format.
*******************************************************************************************************/

/*******************************************************************************************************
* DateTime: 2015/9/7 21:24:02		IP: 180.174.147.31()		Brower: Unknown  Chrome42
* Url : http://yuqian.nn.cagoe.com/Itf/CSharp/Interface.aspx?method=GetWorkListOrderDateDesc&CurPage=1&PageSize=2
/*******************************************************************************************************
函数SqlToJson在转换CurPage或PageSize到int的时候报错！错误明细：Input string was not in a correct format.
* DateTime: 2015/9/7 21:24:02		IP: 180.174.147.31()		Brower: Unknown  Chrome42
* Url : http://yuqian.nn.cagoe.com/Itf/CSharp/Interface.aspx?method=GetWorkListOrderDateDescByFollow&CurPage=1&PageSize=2
函数SqlToJson在转换CurPage或PageSize到int的时候报错！错误明细：Input string was not in a correct format.
*******************************************************************************************************/

/*******************************************************************************************************
* DateTime: 2015/9/7 21:24:05		IP: 180.174.147.31()		Brower: Unknown  Chrome42
* Url : http://yuqian.nn.cagoe.com/Itf/CSharp/Interface.aspx?method=GetWorkListOrderDateDesc&CurPage=1&PageSize=2
函数SqlToJson在转换CurPage或PageSize到int的时候报错！错误明细：Input string was not in a correct format.
*******************************************************************************************************/

/*******************************************************************************************************
* DateTime: 2015/9/7 21:24:05		IP: 180.174.147.31()		Brower: Unknown  Chrome42
* Url : http://yuqian.nn.cagoe.com/Itf/CSharp/Interface.aspx?method=GetWorkListOrderDateDescByFollow&CurPage=1&PageSize=2
函数SqlToJson在转换CurPage或PageSize到int的时候报错！错误明细：Input string was not in a correct format.
*******************************************************************************************************/

/*******************************************************************************************************
* DateTime: 2015/9/7 21:24:07		IP: 180.174.147.31()		Brower: Unknown  Chrome42
* Url : http://yuqian.nn.cagoe.com/Itf/CSharp/Interface.aspx?method=GetWorkListOrderDateDesc&CurPage=1&PageSize=2
函数SqlToJson在转换CurPage或PageSize到int的时候报错！错误明细：Input string was not in a correct format.
*******************************************************************************************************/

/*******************************************************************************************************
* DateTime: 2015/9/7 21:24:07		IP: 180.174.147.31()		Brower: Unknown  Chrome42
* Url : http://yuqian.nn.cagoe.com/Itf/CSharp/Interface.aspx?method=GetWorkListOrderDateDescByFollow&CurPage=1&PageSize=2
函数SqlToJson在转换CurPage或PageSize到int的时候报错！错误明细：Input string was not in a correct format.
*******************************************************************************************************/

